# JRE version: Java(TM) SE Runtime Environment (17.0.1+12) (build 17.0.1+12-LTS-39)
# Java VM: Java HotSpot(TM) 64-Bit Server VM (17.0.1+12-LTS-39, mixed mode, sharing, tiered, compressed oops, compressed class ptrs, g1 gc, windows-amd64)
GC Precious Log:
 CPUs: 12 total, 12 available
 Memory: 16233M
 Large Page Support: Disabled
 NUMA Support: Disabled
 Compressed Oops: Enabled (Zero based)
 Heap Region Size: 8M
 Heap Min Capacity: 8M
 Heap Initial Capacity: 256M
 Heap Max Capacity: 12G
 Pre-touch: Disabled
 Parallel Workers: 10
 Concurrent Workers: 3
 Concurrent Refinement Workers: 10
 Periodic GC: Disabled
Heap:
 garbage-first heap   total 4628480K, used 63003K [0x0000000500000000, 0x0000000800000000)
  region size 8192K, 3 young (24576K), 3 survivors (24576K)
 Metaspace       used 4773K, committed 4928K, reserved 1056768K
  class space    used 485K, committed 576K, reserved 1048576K
GC Heap History (20 events):
Event: 4.733 GC heap after
{Heap after GC invocations=13 (full 0):
 garbage-first heap   total 614400K, used 48482K [0x0000000500000000, 0x0000000800000000)
  region size 8192K, 3 young (24576K), 3 survivors (24576K)
 Metaspace       used 4771K, committed 4928K, reserved 1056768K
  class space    used 485K, committed 576K, reserved 1048576K
}
Event: 4.771 GC heap before
{Heap before GC invocations=13 (full 0):
 garbage-first heap   total 614400K, used 392546K [0x0000000500000000, 0x0000000800000000)
  region size 8192K, 45 young (368640K), 3 survivors (24576K)
 Metaspace       used 4771K, committed 4928K, reserved 1056768K
  class space    used 485K, committed 576K, reserved 1048576K
}
Event: 4.782 GC heap after
{Heap after GC invocations=14 (full 0):
 garbage-first heap   total 614400K, used 50293K [0x0000000500000000, 0x0000000800000000)
  region size 8192K, 3 young (24576K), 3 survivors (24576K)
 Metaspace       used 4771K, committed 4928K, reserved 1056768K
  class space    used 485K, committed 576K, reserved 1048576K
}
Event: 4.826 GC heap before
{Heap before GC invocations=14 (full 0):
 garbage-first heap   total 614400K, used 394357K [0x0000000500000000, 0x0000000800000000)
  region size 8192K, 45 young (368640K), 3 survivors (24576K)
 Metaspace       used 4771K, committed 4928K, reserved 1056768K
  class space    used 485K, committed 576K, reserved 1048576K
}
Event: 4.928 GC heap after
{Heap after GC invocations=15 (full 0):
 garbage-first heap   total 1843200K, used 51247K [0x0000000500000000, 0x0000000800000000)
  region size 8192K, 3 young (24576K), 3 survivors (24576K)
 Metaspace       used 4771K, committed 4928K, reserved 1056768K
  class space    used 485K, committed 576K, reserved 1048576K
}
Event: 7.957 GC heap before
{Heap before GC invocations=15 (full 0):
 garbage-first heap   total 1843200K, used 1124399K [0x0000000500000000, 0x0000000800000000)
  region size 8192K, 135 young (1105920K), 3 survivors (24576K)
 Metaspace       used 4771K, committed 4928K, reserved 1056768K
  class space    used 485K, committed 576K, reserved 1048576K
}
Event: 8.172 GC heap after
{Heap after GC invocations=16 (full 0):
 garbage-first heap   total 1843200K, used 51612K [0x0000000500000000, 0x0000000800000000)
  region size 8192K, 3 young (24576K), 3 survivors (24576K)
 Metaspace       used 4771K, committed 4928K, reserved 1056768K
  class space    used 485K, committed 576K, reserved 1048576K
}
Event: 9.857 GC heap before
{Heap before GC invocations=16 (full 0):
 garbage-first heap   total 1843200K, used 1124764K [0x0000000500000000, 0x0000000800000000)
  region size 8192K, 135 young (1105920K), 3 survivors (24576K)
 Metaspace       used 4771K, committed 4928K, reserved 1056768K
  class space    used 485K, committed 576K, reserved 1048576K
}
Event: 10.029 GC heap after
{Heap after GC invocations=17 (full 0):
 garbage-first heap   total 1843200K, used 55436K [0x0000000500000000, 0x0000000800000000)
  region size 8192K, 4 young (32768K), 4 survivors (32768K)
 Metaspace       used 4771K, committed 4928K, reserved 1056768K
  class space    used 485K, committed 576K, reserved 1048576K
}
Event: 10.235 GC heap before
{Heap before GC invocations=17 (full 0):
 garbage-first heap   total 1843200K, used 1120396K [0x0000000500000000, 0x0000000800000000)
  region size 8192K, 135 young (1105920K), 4 survivors (32768K)
 Metaspace       used 4771K, committed 4928K, reserved 1056768K
  class space    used 485K, committed 576K, reserved 1048576K
}
Event: 10.250 GC heap after
{Heap after GC invocations=18 (full 0):
 garbage-first heap   total 1843200K, used 56777K [0x0000000500000000, 0x0000000800000000)
  region size 8192K, 4 young (32768K), 4 survivors (32768K)
 Metaspace       used 4771K, committed 4928K, reserved 1056768K
  class space    used 485K, committed 576K, reserved 1048576K
}
Event: 10.381 GC heap before
{Heap before GC invocations=18 (full 0):
 garbage-first heap   total 1843200K, used 1129929K [0x0000000500000000, 0x0000000800000000)
  region size 8192K, 135 young (1105920K), 4 survivors (32768K)
 Metaspace       used 4772K, committed 4928K, reserved 1056768K
  class space    used 485K, committed 576K, reserved 1048576K
}
Event: 11.472 GC heap after
{Heap after GC invocations=19 (full 0):
 garbage-first heap   total 4628480K, used 60820K [0x0000000500000000, 0x0000000800000000)
  region size 8192K, 5 young (40960K), 5 survivors (40960K)
 Metaspace       used 4772K, committed 4928K, reserved 1056768K
  class space    used 485K, committed 576K, reserved 1048576K
}
Event: 11.611 GC heap before
{Heap before GC invocations=19 (full 0):
 garbage-first heap   total 4628480K, used 249236K [0x0000000500000000, 0x0000000800000000)
  region size 8192K, 28 young (229376K), 5 survivors (40960K)
 Metaspace       used 4772K, committed 4928K, reserved 1056768K
  class space    used 485K, committed 576K, reserved 1048576K
}
Event: 11.641 GC heap after
{Heap after GC invocations=20 (full 0):
 garbage-first heap   total 4628480K, used 63031K [0x0000000500000000, 0x0000000800000000)
  region size 8192K, 3 young (24576K), 3 survivors (24576K)
 Metaspace       used 4772K, committed 4928K, reserved 1056768K
  class space    used 485K, committed 576K, reserved 1048576K
}
Event: 11.674 GC heap before
{Heap before GC invocations=20 (full 0):
 garbage-first heap   total 4628480K, used 267831K [0x0000000500000000, 0x0000000800000000)
  region size 8192K, 28 young (229376K), 3 survivors (24576K)
 Metaspace       used 4773K, committed 4928K, reserved 1056768K
  class space    used 485K, committed 576K, reserved 1048576K
}
Event: 11.692 GC heap after
{Heap after GC invocations=21 (full 0):
 garbage-first heap   total 4628480K, used 62103K [0x0000000500000000, 0x0000000800000000)
  region size 8192K, 3 young (24576K), 3 survivors (24576K)
 Metaspace       used 4773K, committed 4928K, reserved 1056768K
  class space    used 485K, committed 576K, reserved 1048576K
}
Event: 11.714 GC heap before
{Heap before GC invocations=21 (full 0):
 garbage-first heap   total 4628480K, used 266903K [0x0000000500000000, 0x0000000800000000)
  region size 8192K, 28 young (229376K), 3 survivors (24576K)
 Metaspace       used 4773K, committed 4928K, reserved 1056768K
  class space    used 485K, committed 576K, reserved 1048576K
}
Event: 11.725 GC heap after
{Heap after GC invocations=22 (full 0):
 garbage-first heap   total 4628480K, used 62781K [0x0000000500000000, 0x0000000800000000)
  region size 8192K, 3 young (24576K), 3 survivors (24576K)
 Metaspace       used 4773K, committed 4928K, reserved 1056768K
  class space    used 485K, committed 576K, reserved 1048576K
}
Event: 11.746 GC heap before
{Heap before GC invocations=22 (full 0):
 garbage-first heap   total 4628480K, used 267581K [0x0000000500000000, 0x0000000800000000)
  region size 8192K, 28 young (229376K), 3 survivors (24576K)
 Metaspace       used 4773K, committed 4928K, reserved 1056768K
  class space    used 485K, committed 576K, reserved 1048576K
}

